"D:\CLion 2018.3.3\bin\cmake\win\bin\cmake.exe" -DCMAKE_BUILD_TYPE=Debug -G "CodeBlocks - MinGW Makefiles" "C:\Users\Anistrix\Documents\ГУАП 1842\Github\Osnovy\Clion"
-- The C compiler identification is GNU 8.2.0
-- Check for working C compiler: C:/MinGW/bin/gcc.exe
-- Check for working C compiler: C:/MinGW/bin/gcc.exe -- broken
CMake Error at D:/CLion 2018.3.3/bin/cmake/win/share/cmake-3.13/Modules/CMakeTestCCompiler.cmake:52 (message):
  The C compiler

    "C:/MinGW/bin/gcc.exe"

  is not able to compile a simple test program.

  It fails with the following output:

    Change Dir: C:/Users/Anistrix/Documents/Р“РЈРђРџ 1842/Github/Osnovy/Clion/cmake-build-debug/CMakeFiles/CMakeTmp
    
    Run Build Command:"C:/MinGW/bin/mingw32-make.exe" "cmTC_2efee/fast"
    C:/MinGW/bin/mingw32-make.exe -f CMakeFiles\cmTC_2efee.dir\build.make CMakeFiles/cmTC_2efee.dir/build
    mingw32-make.exe[1]: Entering directory 'C:/Users/Anistrix/Documents/в”њв•™в””в•§ 1842/Github/Osnovy/Clion/cmake-build-debug/CMakeFiles/CMakeTmp'
    Building C object CMakeFiles/cmTC_2efee.dir/testCCompiler.c.obj
    C:\MinGW\bin\gcc.exe    -o CMakeFiles\cmTC_2efee.dir\testCCompiler.c.obj   -c "C:\Users\Anistrix\Documents\в•ЁРЈв•ЁРів•ЁР в•ЁРЇ 1842\Github\Osnovy\Clion\cmake-build-debug\CMakeFiles\CMakeTmp\testCCompiler.c"
    gcc.exe: error: C:\Users\Anistrix\Documents\Р¶в•™Р¶СѓР¶в•ЁР¶в–Ђ 1842\Github\Osnovy\Clion\cmake-build-debug\CMakeFiles\CMakeTmp\testCCompiler.c: No such file or directory
    gcc.exe: fatal error: no input files
    compilation terminated.
    CMakeFiles\cmTC_2efee.dir\build.make:64: recipe for target 'CMakeFiles/cmTC_2efee.dir/testCCompiler.c.obj' failed
    mingw32-make.exe[1]: *** [CMakeFiles/cmTC_2efee.dir/testCCompiler.c.obj] Error 1
    mingw32-make.exe[1]: Leaving directory 'C:/Users/Anistrix/Documents/в”њв•™в””в•§ 1842/Github/Osnovy/Clion/cmake-build-debug/CMakeFiles/CMakeTmp'
    Makefile:120: recipe for target 'cmTC_2efee/fast' failed
    mingw32-make.exe: *** [cmTC_2efee/fast] Error 2
    

  

  CMake will not be able to correctly generate this project.
Call Stack (most recent call first):
  CMakeLists.txt:2 (project)


-- Configuring incomplete, errors occurred!
See also "C:/Users/Anistrix/Documents/Р“РЈРђРџ 1842/Github/Osnovy/Clion/cmake-build-debug/CMakeFiles/CMakeOutput.log".
See also "C:/Users/Anistrix/Documents/Р“РЈРђРџ 1842/Github/Osnovy/Clion/cmake-build-debug/CMakeFiles/CMakeError.log".
